[Licensing::Module] Trying to connect to existing licensing client channel...
Built from '6000.3/respin/6000.3.5f1-a1ec4b2f2d19' branch; Version is '6000.3.5f2 (3fa8bc678cb0) revision 4171964'; Using compiler version '194234433'; Build Type 'Release'
OS: 'Windows 11  (10.0.26200) Core' Language: 'en' Physical Memory: 32475 MB
BatchMode: 1, IsHumanControllingUs: 0, StartBugReporterOnCrash: 0, Is64bit: 1
[Licensing::IpcConnector] Successfully connected to: "LicenseClient-farde" at "2026-03-02T03:58:22.1865633Z"
System  architecture: x64
Process architecture: x64
Date: 2026-03-02T03:58:22Z

COMMAND LINE ARGUMENTS:
C:\Program Files\Unity\Hub\Editor\6000.3.5f2\Editor\Unity.exe
-adb2
-batchMode
-noUpm
-name
AssetImportWorker4
-projectPath
C:/Users/farde/VR_PaperToss/VR_PaperToss_2/PaperToss_MetaQuestGame
-logFile
Logs/AssetImportWorker4.log
-srvPort
52665
-licensingIpc
LicenseClient-farde
-job-worker-count
15
-background-job-worker-count
8
-gc-helper-count
1
-name
AssetImport
Successfully changed project path to: C:/Users/farde/VR_PaperToss/VR_PaperToss_2/PaperToss_MetaQuestGame
C:/Users/farde/VR_PaperToss/VR_PaperToss_2/PaperToss_MetaQuestGame
[UnityMemory] Configuration Parameters - Can be set up in boot.config
    "memorysetup-temp-allocator-size-nav-mesh-worker=65536"
    "memorysetup-temp-allocator-size-audio-worker=65536"
    "memorysetup-temp-allocator-size-gfx=262144"
    "memorysetup-allocator-temp-initial-block-size-main=262144"
    "memorysetup-allocator-temp-initial-block-size-worker=262144"
    "memorysetup-temp-allocator-size-background-worker=32768"
    "memorysetup-temp-allocator-size-job-worker=262144"
    "memorysetup-temp-allocator-size-preload-manager=33554432"
    "memorysetup-temp-allocator-size-gi-baking-worker=262144"
    "memorysetup-temp-allocator-size-gi-baking-worker=262144"
    "memorysetup-temp-allocator-size-gi-baking-worker=262144"
    "memorysetup-temp-allocator-size-gi-baking-worker=262144"
    "memorysetup-temp-allocator-size-gi-baking-worker=262144"
    "memorysetup-bucket-allocator-granularity=16"
    "memorysetup-bucket-allocator-bucket-count=8"
    "memorysetup-bucket-allocator-block-size=33554432"
    "memorysetup-bucket-allocator-block-count=8"
    "memorysetup-main-allocator-block-size=16777216"
    "memorysetup-thread-allocator-block-size=16777216"
    "memorysetup-gfx-main-allocator-block-size=16777216"
    "memorysetup-gfx-thread-allocator-block-size=16777216"
    "memorysetup-cache-allocator-block-size=4194304"
    "memorysetup-typetree-allocator-block-size=2097152"
    "memorysetup-profiler-bucket-allocator-granularity=16"
    "memorysetup-profiler-bucket-allocator-bucket-count=8"
    "memorysetup-profiler-bucket-allocator-block-size=33554432"
    "memorysetup-profiler-bucket-allocator-block-count=8"
    "memorysetup-profiler-allocator-block-size=16777216"
    "memorysetup-profiler-editor-allocator-block-size=1048576"
    "memorysetup-temp-allocator-size-main=16777216"
    "memorysetup-job-temp-allocator-block-size=2097152"
    "memorysetup-job-temp-allocator-block-size-background=1048576"
    "memorysetup-job-temp-allocator-reduction-small-platforms=262144"
    "memorysetup-temp-allocator-size-cloud-worker=32768"
Player connection [32356]  Target information:

Player connection [32356]  * "[IP] 192.168.56.1 [Port] 0 [Flags] 2 [Guid] 946310731 [EditorId] 946310731 [Version] 1048832 [Id] WindowsEditor(7,LEGION16) [Debug] 1 [PackageName] WindowsEditor [ProjectName] Editor" 

Player connection [32356]  * "[IP] 192.168.1.238 [Port] 0 [Flags] 2 [Guid] 946310731 [EditorId] 946310731 [Version] 1048832 [Id] WindowsEditor(7,LEGION16) [Debug] 1 [PackageName] WindowsEditor [ProjectName] Editor" 

Player connection [32356] Host joined multi-casting on [225.0.0.222:54997]...
Player connection [32356] Host joined alternative multi-casting on [225.0.0.222:34997]...
JobSystem: Creating JobQueue using job-worker-count value 15
Input System module state changed to: Initialized.
[Physics::Module] Initialized fallback backend.
[Physics::Module] Id: 0xdecafbad
Library Redirect Path: Library/
[Physics::Module] Selected backend.
[Physics::Module] Name: PhysX
[Physics::Module] Id: 0xf2b8ea05
[Physics::Module] SDK Version: 4.1.2
[Physics::Module] Integration Version: 1.0.0
[Physics::Module] Threading Mode: Multi-Threaded
Refreshing native plugins compatible for Editor in 32.66 ms, found 16 plugins.
Unity memory allocator detected: MetaXRAudio native memory allocations will be tracked.
Preloading 2 native plugins for Editor in 3.46 ms.
Initialize engine version: 6000.3.5f2 (3fa8bc678cb0)
[Subsystems] Discovering subsystems at path C:/Program Files/Unity/Hub/Editor/6000.3.5f2/Editor/Data/Resources/UnitySubsystems
[Subsystems] Discovering subsystems at path C:/Users/farde/VR_PaperToss/VR_PaperToss_2/PaperToss_MetaQuestGame/Assets
GfxDevice: creating device client; kGfxThreadingModeNonThreaded
Direct3D:
    Version:  Direct3D 11.0 [level 11.1]
    Renderer: NVIDIA GeForce RTX 4070 Laptop GPU (ID=0x2860)
    Vendor:   NVIDIA
    VRAM:     7948 MB
    Driver:   32.0.15.7702
Shader 'Meta/MRUK/Scene/HighlightsAndShadows': fallback shader 'Off' not found
Shader 'Oculus/OVRMRCameraFrameLit': fallback shader 'Alpha-Diffuse' not found
Initialize mono
Mono path[0] = 'C:/Program Files/Unity/Hub/Editor/6000.3.5f2/Editor/Data/Managed'
Mono path[1] = 'C:/Program Files/Unity/Hub/Editor/6000.3.5f2/Editor/Data/MonoBleedingEdge/lib/mono/unityjit-win32'
Mono config path = 'C:/Program Files/Unity/Hub/Editor/6000.3.5f2/Editor/Data/MonoBleedingEdge/etc'
Using monoOptions --debugger-agent=transport=dt_socket,embedding=1,server=y,suspend=n,address=127.0.0.1:56612
Begin MonoManager ReloadAssembly
Registering precompiled unity dll's ...
Register platform support module: C:/Program Files/Unity/Hub/Editor/6000.3.5f2/Editor/Data/PlaybackEngines/WindowsStandaloneSupport/UnityEditor.WindowsStandalone.Extensions.dll
[Licensing::Module] Licensing is not yet initialized.
[Licensing::Client] Error: HandshakeResponse reported an error:
	ResponseCode: 505
	ResponseStatus: Unsupported protocol version '1.17.4'.
[Licensing::Module] Error: Failed to handshake to channel: "LicenseClient-farde"
[Licensing::IpcConnector] LicenseClient-farde channel disconnected successfully.
[Licensing::IpcConnector] Successfully connected to: "LicenseClient-farde-6000.3.5" at "2026-03-02T03:58:24.8301923Z"
[Licensing::Client] Handshaking with LicensingClient:
  Version:                 1.17.4+4293ba1
  Session Id:              64f23253cec243fd96c0325998f52a5d
  Correlation Id:          31eee9a6155f61db99db7e3e18196c16
  External correlation Id: 6665049348052324080
  Machine Id:              hoa3CCSHdB1+GCCokx2Jpfw3UNU=
[Licensing::Module] Successfully connected to LicensingClient on channel: "LicenseClient-farde-6000.3.5" (connect: 0.00s, validation: 0.00s, handshake: 2.30s)
[Licensing::IpcConnector] Successfully connected to: "LicenseClient-farde-6000.3.5-notifications" at "2026-03-02T03:58:27.1353964Z"
[Licensing::Module] Licensing Background thread has ended after 4.95s
[Licensing::Module] Licensing is initialized (took 3.54s).
[Licensing::Client] Successfully resolved entitlement details
[Licensing::Module] License group:
  Id: 1375837047899-UnityPersXXXX
  Product: Unity Personal
  Type: Assigned
  Expiration: Unlimited
Register platform support module: C:/Program Files/Unity/Hub/Editor/6000.3.5f2/Editor/Data/PlaybackEngines/AndroidPlayer/UnityEditor.Android.Extensions.dll
Registered in 3.549010 seconds.
- Loaded All Assemblies, in  4.057 seconds
Native extension for Android target not found
Android Extension - Scanning For ADB Devices 451 ms
Native extension for WindowsStandalone target not found
ScheduleIndexationOnStartup MainProcess:False IndexOnStartup:True
Mono: successfully reloaded assembly
- Finished resetting the current domain, in  1.022 seconds
Domain Reload Profiling: 5075ms
	BeginReloadAssembly (185ms)
		ExecutionOrderSort (0ms)
		DisableScriptedObjects (0ms)
		BackupInstance (0ms)
		ReleaseScriptingObjects (0ms)
		CreateAndSetChildDomain (1ms)
	RebuildCommonClasses (45ms)
	RebuildNativeTypeToScriptingClass (14ms)
	initialDomainReloadingComplete (3598ms)
	LoadAllAssembliesAndSetupDomain (211ms)
		LoadAssemblies (180ms)
		RebuildTransferFunctionScriptingTraits (0ms)
		AnalyzeDomain (207ms)
			TypeCache.Refresh (205ms)
				TypeCache.ScanAssembly (190ms)
			BuildScriptInfoCaches (0ms)
			ResolveRequiredComponents (1ms)
	FinalizeReload (1023ms)
		ReleaseScriptCaches (0ms)
		RebuildScriptCaches (0ms)
		SetupLoadedEditorAssemblies (962ms)
			LogAssemblyErrors (0ms)
			InitializePlatformSupportModulesInManaged (569ms)
			SetLoadedEditorAssemblies (6ms)
			BeforeProcessingInitializeOnLoad (115ms)
			ProcessInitializeOnLoadAttributes (193ms)
			ProcessInitializeOnLoadMethodAttributes (79ms)
			AfterProcessingInitializeOnLoad (0ms)
			EditorAssembliesLoaded (0ms)
		ExecutionOrderSort2 (0ms)
		AwakeInstancesAfterBackupRestoration (0ms)
========================================================================
Worker process is ready to serve import requests
Import Worker Mode flag is 0x00
Begin MonoManager ReloadAssembly
[Licensing::Client] Successfully resolved entitlement details
Symbol file LoadedFromMemory is not a mono symbol file
- Loaded All Assemblies, in  1.287 seconds
Script 'CharacterController' has the same name as built-in Unity component.
AddComponent and GetComponent will not work with this script.
'Packages/com.meta.xr.sdk.core/Editor/BuildingBlocks/BlocksWindow.cs' contains partial class of Unity.Object, exactly 1 of the partial classes needs to be in a file with the same filename. This is to know the one that can be referenced from ie. GameObjects
'Packages/com.meta.xr.sdk.core/Editor/BuildingBlocks/BlocksWindowDetailsExtension.cs' contains partial class of Unity.Object, exactly 1 of the partial classes needs to be in a file with the same filename. This is to know the one that can be referenced from ie. GameObjects
'Packages/com.meta.xr.sdk.core/Editor/BuildingBlocks/BlocksWindowCollectionsPageExtension.cs' contains partial class of Unity.Object, exactly 1 of the partial classes needs to be in a file with the same filename. This is to know the one that can be referenced from ie. GameObjects
Refreshing native plugins compatible for Editor in 17.04 ms, found 16 plugins.
Native extension for Android target not found
Native extension for WindowsStandalone target not found
Refreshing native plugins compatible for Editor in 19.86 ms, found 16 plugins.
Package Manager log level set to [2]
[Package Manager] Failed to launch server process. Reason: Unity was launched with the -noUpm command-line argument
[Package Manager] Unable to send message (not connected to server process).
[Package Manager] Cannot connect to Unity Package Manager local server
[Package Manager] Failed to launch server process. Reason: Unity was launched with the -noUpm command-line argument
[Package Manager] Unable to send message (not connected to server process).
[Package Manager] Cannot connect to Unity Package Manager local server
[Package Manager] Failed to launch server process. Reason: Unity was launched with the -noUpm command-line argument
[Package Manager] Unable to send message (not connected to server process).
[Package Manager] Cannot connect to Unity Package Manager local server
ScheduleIndexationOnStartup MainProcess:False IndexOnStartup:True
Mono: successfully reloaded assembly
[Package Manager] Failed to launch server process. Reason: Unity was launched with the -noUpm command-line argument
[Package Manager] Unable to send message (not connected to server process).
[Package Manager] Cannot connect to Unity Package Manager local server
[Package Manager] Failed to launch server process. Reason: Unity was launched with the -noUpm command-line argument
[Package Manager] Unable to send message (not connected to server process).
[Package Manager] Cannot connect to Unity Package Manager local server
- Finished resetting the current domain, in  1.526 seconds
Domain Reload Profiling: 2800ms
	BeginReloadAssembly (206ms)
		ExecutionOrderSort (0ms)
		DisableScriptedObjects (7ms)
		BackupInstance (0ms)
		ReleaseScriptingObjects (0ms)
		CreateAndSetChildDomain (34ms)
	RebuildCommonClasses (40ms)
	RebuildNativeTypeToScriptingClass (14ms)
	initialDomainReloadingComplete (52ms)
	LoadAllAssembliesAndSetupDomain (962ms)
		LoadAssemblies (594ms)
		RebuildTransferFunctionScriptingTraits (0ms)
		AnalyzeDomain (478ms)
			TypeCache.Refresh (315ms)
				TypeCache.ScanAssembly (288ms)
			BuildScriptInfoCaches (130ms)
			ResolveRequiredComponents (27ms)
	FinalizeReload (1526ms)
		ReleaseScriptCaches (0ms)
		RebuildScriptCaches (0ms)
		SetupLoadedEditorAssemblies (1238ms)
			LogAssemblyErrors (0ms)
			InitializePlatformSupportModulesInManaged (11ms)
			SetLoadedEditorAssemblies (8ms)
			BeforeProcessingInitializeOnLoad (295ms)
			ProcessInitializeOnLoadAttributes (732ms)
			ProcessInitializeOnLoadMethodAttributes (187ms)
			AfterProcessingInitializeOnLoad (6ms)
			EditorAssembliesLoaded (0ms)
		ExecutionOrderSort2 (0ms)
		AwakeInstancesAfterBackupRestoration (7ms)
Shader 'Oculus/OVRMRCameraFrameLit': fallback shader 'Alpha-Diffuse' not found
Shader 'Meta/MRUK/Scene/HighlightsAndShadows': fallback shader 'Off' not found
Launched and connected shader compiler UnityShaderCompiler.exe after 0.02 seconds
Refreshing native plugins compatible for Editor in 30.63 ms, found 16 plugins.
Preloading 2 native plugins for Editor in 0.38 ms.
Unloading 20 Unused Serialized files (Serialized files now loaded: 0)
Unloading 9981 unused Assets / (5.9 MB). Loaded Objects now: 10889.
Memory consumption went from 199.7 MB to 193.7 MB.
Total: 23.215500 ms (FindLiveObjects: 1.131100 ms CreateObjectMapping: 1.267400 ms MarkObjects: 15.960500 ms  DeleteObjects: 4.854700 ms)

========================================================================
Received Import Request.
  Time since last request: 60020.581578 seconds.
  path: Packages/com.meta.xr.sdk.interaction/Runtime/Sample/Audio/Prefabs/ComplexGrabDollGrabAudio.prefab
  artifactKey: Guid(9fdd9006dc8671941ab523fa2e51e3a8) Importer(815301076,1909f56bfc062723c751e8b465ee728b)
Start importing Packages/com.meta.xr.sdk.interaction/Runtime/Sample/Audio/Prefabs/ComplexGrabDollGrabAudio.prefab using Guid(9fdd9006dc8671941ab523fa2e51e3a8) Importer(815301076,1909f56bfc062723c751e8b465ee728b) (PreviewImporter) -> (artifact id: '90b46a1ebe0cc3dfe74a18f41735c982') in 0.0967788 seconds
Number of updated asset objects reloaded before import = 0Number of asset objects unloaded after import = 11

========================================================================
Received Import Request.
  Time since last request: 0.000036 seconds.
  path: Packages/com.meta.xr.sdk.interaction/Runtime/Prefabs/Poke/ControllerPokeInteractor.prefab
  artifactKey: Guid(caf1104dfe6d01c4e9dabd59f18e535a) Importer(815301076,1909f56bfc062723c751e8b465ee728b)
Start importing Packages/com.meta.xr.sdk.interaction/Runtime/Prefabs/Poke/ControllerPokeInteractor.prefab using Guid(caf1104dfe6d01c4e9dabd59f18e535a) Importer(815301076,1909f56bfc062723c751e8b465ee728b) (PreviewImporter) -> (artifact id: '46be3bcb104ea41aceca16d2960dbe30') in 0.9901614 seconds
Number of updated asset objects reloaded before import = 0Number of asset objects unloaded after import = 14

========================================================================
Received Import Request.
  Time since last request: 0.000058 seconds.
  path: Packages/com.meta.xr.sdk.interaction/Runtime/Sample/Objects/Props/MapWithPins/Materials/MapMat.fbx
  artifactKey: Guid(d2b4ebc04cf7f2e4793d4daa58bcdcd7) Importer(815301076,1909f56bfc062723c751e8b465ee728b)
Start importing Packages/com.meta.xr.sdk.interaction/Runtime/Sample/Objects/Props/MapWithPins/Materials/MapMat.fbx using Guid(d2b4ebc04cf7f2e4793d4daa58bcdcd7) Importer(815301076,1909f56bfc062723c751e8b465ee728b) (PreviewImporter) -> (artifact id: 'e296c0fc4dba3eea500e5da2196d94ba') in 2.9891703 seconds
Number of updated asset objects reloaded before import = 0Number of asset objects unloaded after import = 9

========================================================================
Received Import Request.
  Time since last request: 0.000043 seconds.
  path: Packages/com.meta.xr.sdk.interaction/Runtime/Prefabs/Controllers.prefab
  artifactKey: Guid(ad9b966cab9674348856e3325c3cb4ba) Importer(815301076,1909f56bfc062723c751e8b465ee728b)
Start importing Packages/com.meta.xr.sdk.interaction/Runtime/Prefabs/Controllers.prefab using Guid(ad9b966cab9674348856e3325c3cb4ba) Importer(815301076,1909f56bfc062723c751e8b465ee728b) (PreviewImporter) -> (artifact id: 'b83b68f393bc537c8ef5531b5ee49ef7') in 0.0043101 seconds
Number of updated asset objects reloaded before import = 0Number of asset objects unloaded after import = 18

========================================================================
Received Import Request.
  Time since last request: 0.000027 seconds.
  path: Packages/com.meta.xr.sdk.interaction/Runtime/Sample/Objects/Props/BigRedButton/Models/BigRedButton.fbx
  artifactKey: Guid(af70fc3edbd215e438037aab32711dfd) Importer(815301076,1909f56bfc062723c751e8b465ee728b)
Start importing Packages/com.meta.xr.sdk.interaction/Runtime/Sample/Objects/Props/BigRedButton/Models/BigRedButton.fbx using Guid(af70fc3edbd215e438037aab32711dfd) Importer(815301076,1909f56bfc062723c751e8b465ee728b) (PreviewImporter) -> (artifact id: 'c99e9e81999f1d2e3338732e1b3d70b7') in 0.1862191 seconds
Number of updated asset objects reloaded before import = 0Number of asset objects unloaded after import = 27

========================================================================
Received Import Request.
  Time since last request: 0.000034 seconds.
  path: Packages/com.meta.xr.sdk.interaction/Runtime/Sample/Objects/Props/CoffeeCup/CoffeeCupHulls.fbx
  artifactKey: Guid(d1388ed1b34adcf4091263a34d4237d4) Importer(815301076,1909f56bfc062723c751e8b465ee728b)
Start importing Packages/com.meta.xr.sdk.interaction/Runtime/Sample/Objects/Props/CoffeeCup/CoffeeCupHulls.fbx using Guid(d1388ed1b34adcf4091263a34d4237d4) Importer(815301076,1909f56bfc062723c751e8b465ee728b) (PreviewImporter) -> (artifact id: '8c4b3df944e865c23fcd7860190fec20') in 0.1642563 seconds
Number of updated asset objects reloaded before import = 0Number of asset objects unloaded after import = 70

========================================================================
Received Import Request.
  Time since last request: 0.000050 seconds.
  path: Packages/com.meta.xr.sdk.core/Editor/BuildingBlocks/BlockData/MultiplayerBlocks/NGO/AutoMatchmaking/Prefabs/AutoMatchmakingNGO.prefab
  artifactKey: Guid(bb884e2082b168c44a08de53bc92717d) Importer(815301076,1909f56bfc062723c751e8b465ee728b)
Start importing Packages/com.meta.xr.sdk.core/Editor/BuildingBlocks/BlockData/MultiplayerBlocks/NGO/AutoMatchmaking/Prefabs/AutoMatchmakingNGO.prefab using Guid(bb884e2082b168c44a08de53bc92717d) Importer(815301076,1909f56bfc062723c751e8b465ee728b) (PreviewImporter) -> (artifact id: '5b7abdd08c9f17f1743b8cd00f88d060') in 0.0028339 seconds
Number of updated asset objects reloaded before import = 0Number of asset objects unloaded after import = 5

========================================================================
Received Import Request.
  Time since last request: 0.000041 seconds.
  path: Packages/com.meta.xr.sdk.interaction/Runtime/Sample/Audio/Prefabs/BasicPokeButtonReleaseAudio.prefab
  artifactKey: Guid(347797637f5237c40b239ea44fef63f1) Importer(815301076,1909f56bfc062723c751e8b465ee728b)
Start importing Packages/com.meta.xr.sdk.interaction/Runtime/Sample/Audio/Prefabs/BasicPokeButtonReleaseAudio.prefab using Guid(347797637f5237c40b239ea44fef63f1) Importer(815301076,1909f56bfc062723c751e8b465ee728b) (PreviewImporter) -> (artifact id: '4243d0cb405c320209faf9b1e76a0575') in 0.003731 seconds
Number of updated asset objects reloaded before import = 0Number of asset objects unloaded after import = 7

========================================================================
Received Import Request.
  Time since last request: 0.000036 seconds.
  path: Packages/com.meta.xr.sdk.interaction/Runtime/Prefabs/ControllerHands.prefab
  artifactKey: Guid(13488c79ceaed7c4294a1b8e8d48de47) Importer(815301076,1909f56bfc062723c751e8b465ee728b)
Start importing Packages/com.meta.xr.sdk.interaction/Runtime/Prefabs/ControllerHands.prefab using Guid(13488c79ceaed7c4294a1b8e8d48de47) Importer(815301076,1909f56bfc062723c751e8b465ee728b) (PreviewImporter) -> (artifact id: 'a3acb2a9c4ee0219647915cbf069cb9b') in 0.0041111 seconds
Number of updated asset objects reloaded before import = 0Number of asset objects unloaded after import = 24

========================================================================
Received Import Request.
  Time since last request: 0.000038 seconds.
  path: Packages/com.meta.xr.sdk.interaction/Runtime/Sample/Objects/Props/Mug/Models/mugMesh.fbx
  artifactKey: Guid(f3290354b4d27534ba4f7f3bfb4692d8) Importer(815301076,1909f56bfc062723c751e8b465ee728b)
Start importing Packages/com.meta.xr.sdk.interaction/Runtime/Sample/Objects/Props/Mug/Models/mugMesh.fbx using Guid(f3290354b4d27534ba4f7f3bfb4692d8) Importer(815301076,1909f56bfc062723c751e8b465ee728b) (PreviewImporter) -> (artifact id: '630b7da6ad46fcb44359cdc6ab387053') in 0.030055 seconds
Number of updated asset objects reloaded before import = 0Number of asset objects unloaded after import = 7

========================================================================
Received Import Request.
  Time since last request: 0.000049 seconds.
  path: Packages/com.meta.xr.sdk.interaction/Runtime/Prefabs/Locomotion/ControllerTurnerInteractor.prefab
  artifactKey: Guid(122968827794c2b499a4451e4a8fa2ca) Importer(815301076,1909f56bfc062723c751e8b465ee728b)
Start importing Packages/com.meta.xr.sdk.interaction/Runtime/Prefabs/Locomotion/ControllerTurnerInteractor.prefab using Guid(122968827794c2b499a4451e4a8fa2ca) Importer(815301076,1909f56bfc062723c751e8b465ee728b) (PreviewImporter) -> (artifact id: '5b876ca9f7ca091e06ed53f475f44367') in 0.0052965 seconds
Number of updated asset objects reloaded before import = 0Number of asset objects unloaded after import = 7

========================================================================
Received Import Request.
  Time since last request: 0.000047 seconds.
  path: Packages/com.unity.render-pipelines.core/Runtime/Debugging/Prefabs/Widgets/DebugUIPanel.prefab
  artifactKey: Guid(daa46a58178a6ad41ae1ddc2dc7f856d) Importer(815301076,1909f56bfc062723c751e8b465ee728b)
Start importing Packages/com.unity.render-pipelines.core/Runtime/Debugging/Prefabs/Widgets/DebugUIPanel.prefab using Guid(daa46a58178a6ad41ae1ddc2dc7f856d) Importer(815301076,1909f56bfc062723c751e8b465ee728b) (PreviewImporter) -> (artifact id: '3186f1346264e5cfed942b2d565a57a4') in 0.0205391 seconds
Number of updated asset objects reloaded before import = 0Number of asset objects unloaded after import = 98

========================================================================
Received Import Request.
  Time since last request: 0.000045 seconds.
  path: Packages/com.meta.xr.sdk.interaction/Runtime/Sample/Objects/Props/MapWithPins/Models/Map.fbx
  artifactKey: Guid(cd73f6b8f40287b4098cc37be5584120) Importer(815301076,1909f56bfc062723c751e8b465ee728b)
Start importing Packages/com.meta.xr.sdk.interaction/Runtime/Sample/Objects/Props/MapWithPins/Models/Map.fbx using Guid(cd73f6b8f40287b4098cc37be5584120) Importer(815301076,1909f56bfc062723c751e8b465ee728b) (PreviewImporter) -> (artifact id: '37c992127014ed0b910f429806c7d234') in 0.0272248 seconds
Number of updated asset objects reloaded before import = 0Number of asset objects unloaded after import = 7

========================================================================
Received Import Request.
  Time since last request: 0.000041 seconds.
  path: Packages/com.meta.xr.sdk.core/Editor/BuildingBlocks/BlockData/ControllerButtonsMapper/Prefabs/ControllerButtonsMapper.prefab
  artifactKey: Guid(7f2c10fd4e18aee42b3be07fb299acc3) Importer(815301076,1909f56bfc062723c751e8b465ee728b)
Start importing Packages/com.meta.xr.sdk.core/Editor/BuildingBlocks/BlockData/ControllerButtonsMapper/Prefabs/ControllerButtonsMapper.prefab using Guid(7f2c10fd4e18aee42b3be07fb299acc3) Importer(815301076,1909f56bfc062723c751e8b465ee728b) (PreviewImporter) -> (artifact id: 'cd0926312544aa163c9ab3612df2dd5d') in 0.0045525 seconds
Number of updated asset objects reloaded before import = 0Number of asset objects unloaded after import = 5

========================================================================
Received Import Request.
  Time since last request: 0.000040 seconds.
  path: Packages/com.meta.xr.sdk.interaction/Runtime/Sample/Objects/Props/IconBox/Models/iconBoxMesh.fbx
  artifactKey: Guid(f5ceaf081c5af184cb5b44b9e95931f8) Importer(815301076,1909f56bfc062723c751e8b465ee728b)
Start importing Packages/com.meta.xr.sdk.interaction/Runtime/Sample/Objects/Props/IconBox/Models/iconBoxMesh.fbx using Guid(f5ceaf081c5af184cb5b44b9e95931f8) Importer(815301076,1909f56bfc062723c751e8b465ee728b) (PreviewImporter) -> (artifact id: 'd584563c3a064db6551230747a00b895') in 0.0458084 seconds
Number of updated asset objects reloaded before import = 0Number of asset objects unloaded after import = 8

========================================================================
Received Import Request.
  Time since last request: 0.000062 seconds.
  path: Packages/com.meta.xr.sdk.interaction/Runtime/Sample/Objects/Props/MapWithPins/Materials/MapFrameMat.fbx
  artifactKey: Guid(ca40bcaab931f664bb8884b77b720e18) Importer(815301076,1909f56bfc062723c751e8b465ee728b)
Start importing Packages/com.meta.xr.sdk.interaction/Runtime/Sample/Objects/Props/MapWithPins/Materials/MapFrameMat.fbx using Guid(ca40bcaab931f664bb8884b77b720e18) Importer(815301076,1909f56bfc062723c751e8b465ee728b) (PreviewImporter) -> (artifact id: 'b233ffcd9898bbd1216b6290819017bf') in 0.0494178 seconds
Number of updated asset objects reloaded before import = 0Number of asset objects unloaded after import = 9

========================================================================
Received Import Request.
  Time since last request: 0.000038 seconds.
  path: Packages/com.meta.xr.sdk.interaction/Runtime/Sample/Audio/Prefabs/BasicPokeToyButtonPressAudio.prefab
  artifactKey: Guid(2c388bdb963a363418437ef4347b4522) Importer(815301076,1909f56bfc062723c751e8b465ee728b)
Start importing Packages/com.meta.xr.sdk.interaction/Runtime/Sample/Audio/Prefabs/BasicPokeToyButtonPressAudio.prefab using Guid(2c388bdb963a363418437ef4347b4522) Importer(815301076,1909f56bfc062723c751e8b465ee728b) (PreviewImporter) -> (artifact id: '9d58d0ffafec721b141f73429e813ac2') in 0.0048644 seconds
Number of updated asset objects reloaded before import = 0Number of asset objects unloaded after import = 9

========================================================================
Received Import Request.
  Time since last request: 0.000030 seconds.
  path: Packages/com.meta.xr.sdk.interaction/Runtime/Sample/Audio/Prefabs/BasicPokeCanvasReleaseAudio.prefab
  artifactKey: Guid(5be9ac6f03f4be64d8d686b355cd0961) Importer(815301076,1909f56bfc062723c751e8b465ee728b)
Start importing Packages/com.meta.xr.sdk.interaction/Runtime/Sample/Audio/Prefabs/BasicPokeCanvasReleaseAudio.prefab using Guid(5be9ac6f03f4be64d8d686b355cd0961) Importer(815301076,1909f56bfc062723c751e8b465ee728b) (PreviewImporter) -> (artifact id: '194a74456ed18ba9a4fad2a0878fa6c2') in 0.0032687 seconds
Number of updated asset objects reloaded before import = 0Number of asset objects unloaded after import = 7

========================================================================
Received Import Request.
  Time since last request: 0.000059 seconds.
  path: Packages/com.meta.xr.sdk.interaction/Runtime/Meshes/OpenXRLeftHand.fbx
  artifactKey: Guid(63d10a535aa014c4f9e3f04185131351) Importer(815301076,1909f56bfc062723c751e8b465ee728b)
Start importing Packages/com.meta.xr.sdk.interaction/Runtime/Meshes/OpenXRLeftHand.fbx using Guid(63d10a535aa014c4f9e3f04185131351) Importer(815301076,1909f56bfc062723c751e8b465ee728b) (PreviewImporter) -> (artifact id: '4b32327658f981d75c78df9df6bb04cb') in 0.0704859 seconds
Number of updated asset objects reloaded before import = 0Number of asset objects unloaded after import = 62

========================================================================
Received Import Request.
  Time since last request: 0.000049 seconds.
  path: Packages/com.meta.xr.sdk.interaction/Runtime/Prefabs/VelocityCalculators/ControllerRANSACVelocityCalculator.prefab
  artifactKey: Guid(f72a3ebe3d5d78b4fa22e4575c6dd19a) Importer(815301076,1909f56bfc062723c751e8b465ee728b)
Start importing Packages/com.meta.xr.sdk.interaction/Runtime/Prefabs/VelocityCalculators/ControllerRANSACVelocityCalculator.prefab using Guid(f72a3ebe3d5d78b4fa22e4575c6dd19a) Importer(815301076,1909f56bfc062723c751e8b465ee728b) (PreviewImporter) -> (artifact id: 'e930c96b19c59f4a754902cc70feebad') in 0.0038385 seconds
Number of updated asset objects reloaded before import = 0Number of asset objects unloaded after import = 7

========================================================================
Received Import Request.
  Time since last request: 0.000037 seconds.
  path: Packages/com.meta.xr.sdk.interaction/Runtime/Sample/Objects/Props/MapWithPins/Materials/MapPointerMat.fbx
  artifactKey: Guid(afcf09e55a190704e99cfd047692166c) Importer(815301076,1909f56bfc062723c751e8b465ee728b)
Start importing Packages/com.meta.xr.sdk.interaction/Runtime/Sample/Objects/Props/MapWithPins/Materials/MapPointerMat.fbx using Guid(afcf09e55a190704e99cfd047692166c) Importer(815301076,1909f56bfc062723c751e8b465ee728b) (PreviewImporter) -> (artifact id: '41e6feded74c37498c7c9a2b2d61da8c') in 0.0499944 seconds
Number of updated asset objects reloaded before import = 0Number of asset objects unloaded after import = 9

========================================================================
Received Import Request.
  Time since last request: 0.000033 seconds.
  path: Packages/com.meta.xr.sdk.interaction/Runtime/Sample/Audio/Prefabs/ComplexGrabBoxReleaseAudio.prefab
  artifactKey: Guid(942501ee80499174ab7ba1ca4e8de385) Importer(815301076,1909f56bfc062723c751e8b465ee728b)
Start importing Packages/com.meta.xr.sdk.interaction/Runtime/Sample/Audio/Prefabs/ComplexGrabBoxReleaseAudio.prefab using Guid(942501ee80499174ab7ba1ca4e8de385) Importer(815301076,1909f56bfc062723c751e8b465ee728b) (PreviewImporter) -> (artifact id: '6159f45cc893aacfe0bc3c503b73e41a') in 0.005972 seconds
Number of updated asset objects reloaded before import = 0Number of asset objects unloaded after import = 11

========================================================================
Received Import Request.
  Time since last request: 0.000034 seconds.
  path: Packages/com.meta.xr.sdk.core/Meshes/OculusTouchForRift/Materials/OculusTouchForRift_Material.fbx
  artifactKey: Guid(76f6075ec84afca46b2a5e5b3bfdf8ce) Importer(815301076,1909f56bfc062723c751e8b465ee728b)
Start importing Packages/com.meta.xr.sdk.core/Meshes/OculusTouchForRift/Materials/OculusTouchForRift_Material.fbx using Guid(76f6075ec84afca46b2a5e5b3bfdf8ce) Importer(815301076,1909f56bfc062723c751e8b465ee728b) (PreviewImporter) -> (artifact id: '79486f75c3845bb81269ec1a7210e0ea') in 0.0390884 seconds
Number of updated asset objects reloaded before import = 0Number of asset objects unloaded after import = 9

========================================================================
Received Import Request.
  Time since last request: 0.000085 seconds.
  path: Packages/com.meta.xr.sdk.interaction/Runtime/Sample/Objects/Environment/Screen/DebugScreen.prefab
  artifactKey: Guid(cdeb96b7cc1bb0b4e8ed9fcb16be7b5f) Importer(815301076,1909f56bfc062723c751e8b465ee728b)
Start importing Packages/com.meta.xr.sdk.interaction/Runtime/Sample/Objects/Environment/Screen/DebugScreen.prefab using Guid(cdeb96b7cc1bb0b4e8ed9fcb16be7b5f) Importer(815301076,1909f56bfc062723c751e8b465ee728b) (PreviewImporter) -> (artifact id: '434000fac190e3fc6c5ef71df7211513') in 0.0836951 seconds
Number of updated asset objects reloaded before import = 0Number of asset objects unloaded after import = 35

========================================================================
Received Import Request.
  Time since last request: 0.000040 seconds.
  path: Packages/com.meta.xr.sdk.interaction/Runtime/Sample/Objects/Props/Materials/DefaultMaterial.fbx
  artifactKey: Guid(d4a9567b63f402344be887b1a296bcc6) Importer(815301076,1909f56bfc062723c751e8b465ee728b)
Start importing Packages/com.meta.xr.sdk.interaction/Runtime/Sample/Objects/Props/Materials/DefaultMaterial.fbx using Guid(d4a9567b63f402344be887b1a296bcc6) Importer(815301076,1909f56bfc062723c751e8b465ee728b) (PreviewImporter) -> (artifact id: 'e6c5f1341f140c11fb0765dc05c591af') in 0.0367004 seconds
Number of updated asset objects reloaded before import = 0Number of asset objects unloaded after import = 8

========================================================================
Received Import Request.
  Time since last request: 0.000047 seconds.
  path: Packages/com.meta.xr.sdk.interaction/Runtime/Sample/Objects/UISet/Prefabs/Patterns/ContentUIExample1.prefab
  artifactKey: Guid(eb7fe4f1d2d94244492ab1ed546edbde) Importer(815301076,1909f56bfc062723c751e8b465ee728b)
Start importing Packages/com.meta.xr.sdk.interaction/Runtime/Sample/Objects/UISet/Prefabs/Patterns/ContentUIExample1.prefab using Guid(eb7fe4f1d2d94244492ab1ed546edbde) Importer(815301076,1909f56bfc062723c751e8b465ee728b) (PreviewImporter) -> (artifact id: '03340918adc393d7a4a918e9e4e20ae3') in 0.0636727 seconds
Number of updated asset objects reloaded before import = 0Number of asset objects unloaded after import = 705

========================================================================
Received Import Request.
  Time since last request: 0.000103 seconds.
  path: Packages/com.meta.xr.sdk.interaction/Runtime/Sample/Objects/Environment/BasicGrabInfoFrames.prefab
  artifactKey: Guid(5239d13158998b148b3e5a0c1de7c054) Importer(815301076,1909f56bfc062723c751e8b465ee728b)
Start importing Packages/com.meta.xr.sdk.interaction/Runtime/Sample/Objects/Environment/BasicGrabInfoFrames.prefab using Guid(5239d13158998b148b3e5a0c1de7c054) Importer(815301076,1909f56bfc062723c751e8b465ee728b) (PreviewImporter) -> (artifact id: '8afd28ced0be7ad9611565cb12efba12') in 0.0505232 seconds
Number of updated asset objects reloaded before import = 0Number of asset objects unloaded after import = 157

========================================================================
Received Import Request.
  Time since last request: 0.000067 seconds.
  path: Packages/com.meta.xr.sdk.interaction/Runtime/Sample/Objects/Environment/Locomotion/Models/Meta_LocamotionBedroom.fbx
  artifactKey: Guid(401a8d8a1bfb7104bb0b059f9ceefba2) Importer(815301076,1909f56bfc062723c751e8b465ee728b)
Start importing Packages/com.meta.xr.sdk.interaction/Runtime/Sample/Objects/Environment/Locomotion/Models/Meta_LocamotionBedroom.fbx using Guid(401a8d8a1bfb7104bb0b059f9ceefba2) Importer(815301076,1909f56bfc062723c751e8b465ee728b) (PreviewImporter) -> (artifact id: '57d419f968be25b3ec6a36ab80935a2e') in 0.0822645 seconds
Number of updated asset objects reloaded before import = 0Number of asset objects unloaded after import = 17

========================================================================
Received Import Request.
  Time since last request: 0.000035 seconds.
  path: Packages/com.meta.xr.sdk.core/Scripts/BuildingBlocks/MultiplayerBlocks/Shared/Colocation/ColocationPackage/Prefabs/AutomaticAnchorAlignmentManager.prefab
  artifactKey: Guid(abeeb38e1aa36da4b8742547e5c1aa24) Importer(815301076,1909f56bfc062723c751e8b465ee728b)
Start importing Packages/com.meta.xr.sdk.core/Scripts/BuildingBlocks/MultiplayerBlocks/Shared/Colocation/ColocationPackage/Prefabs/AutomaticAnchorAlignmentManager.prefab using Guid(abeeb38e1aa36da4b8742547e5c1aa24) Importer(815301076,1909f56bfc062723c751e8b465ee728b) (PreviewImporter) -> (artifact id: 'dfa7c9c51b00d715145ebb00de2407b4') in 0.0028405 seconds
Number of updated asset objects reloaded before import = 0Number of asset objects unloaded after import = 5

========================================================================
Received Import Request.
  Time since last request: 0.000063 seconds.
  path: Packages/com.unity.render-pipelines.core/Runtime/Debugging/Prefabs/Widgets/DebugUIObjectList.prefab
  artifactKey: Guid(ad83bc56407925d44a77a5bd01cd6783) Importer(815301076,1909f56bfc062723c751e8b465ee728b)
Start importing Packages/com.unity.render-pipelines.core/Runtime/Debugging/Prefabs/Widgets/DebugUIObjectList.prefab using Guid(ad83bc56407925d44a77a5bd01cd6783) Importer(815301076,1909f56bfc062723c751e8b465ee728b) (PreviewImporter) -> (artifact id: 'd043569c1651f17c5d7dc384ceaa614c') in 0.0042171 seconds
Number of updated asset objects reloaded before import = 0Number of asset objects unloaded after import = 27

========================================================================
Received Import Request.
  Time since last request: 0.000031 seconds.
  path: Packages/com.meta.xr.sdk.interaction/Runtime/Sample/Objects/Props/WaterParticles/BubblePopParticle.fbx
  artifactKey: Guid(72c78ce3c437b6146a8939d3c0881f50) Importer(815301076,1909f56bfc062723c751e8b465ee728b)
Start importing Packages/com.meta.xr.sdk.interaction/Runtime/Sample/Objects/Props/WaterParticles/BubblePopParticle.fbx using Guid(72c78ce3c437b6146a8939d3c0881f50) Importer(815301076,1909f56bfc062723c751e8b465ee728b) (PreviewImporter) -> (artifact id: '70b3481678ab964f9a5e600e12d3222b') in 0.0342149 seconds
Number of updated asset objects reloaded before import = 0Number of asset objects unloaded after import = 8

========================================================================
Received Import Request.
  Time since last request: 0.000027 seconds.
  path: Packages/com.meta.xr.sdk.core/Meshes/HandTracking/OpenXRLeftHand.fbx
  artifactKey: Guid(9b25be0e8101c3e4ca9937b30e2ab441) Importer(815301076,1909f56bfc062723c751e8b465ee728b)
Start importing Packages/com.meta.xr.sdk.core/Meshes/HandTracking/OpenXRLeftHand.fbx using Guid(9b25be0e8101c3e4ca9937b30e2ab441) Importer(815301076,1909f56bfc062723c751e8b465ee728b) (PreviewImporter) -> (artifact id: '0bcd443cd8fdacd835cbb2bac82de582') in 0.0378848 seconds
Number of updated asset objects reloaded before import = 0Number of asset objects unloaded after import = 62

========================================================================
Received Import Request.
  Time since last request: 0.000040 seconds.
  path: Packages/com.meta.xr.sdk.core/Meshes/OculusTouchForQuestAndRiftS/Materials/OculusTouchForQuestAndRiftS_Material.fbx
  artifactKey: Guid(e878dcbefebb86f478a53130d09dd0ac) Importer(815301076,1909f56bfc062723c751e8b465ee728b)
Start importing Packages/com.meta.xr.sdk.core/Meshes/OculusTouchForQuestAndRiftS/Materials/OculusTouchForQuestAndRiftS_Material.fbx using Guid(e878dcbefebb86f478a53130d09dd0ac) Importer(815301076,1909f56bfc062723c751e8b465ee728b) (PreviewImporter) -> (artifact id: '654110c1d45fe6d4a1f11beb65ae2ea8') in 0.039573 seconds
Number of updated asset objects reloaded before import = 0Number of asset objects unloaded after import = 9

========================================================================
Received Import Request.
  Time since last request: 0.000052 seconds.
  path: Packages/com.meta.xr.sdk.interaction/Runtime/Sample/Materials/Moon.fbx
  artifactKey: Guid(c248512dc5f8d7546ae41e52308e4b20) Importer(815301076,1909f56bfc062723c751e8b465ee728b)
Start importing Packages/com.meta.xr.sdk.interaction/Runtime/Sample/Materials/Moon.fbx using Guid(c248512dc5f8d7546ae41e52308e4b20) Importer(815301076,1909f56bfc062723c751e8b465ee728b) (PreviewImporter) -> (artifact id: '477ccddeeb98fce24980729dcc684b62') in 0.0300297 seconds
Number of updated asset objects reloaded before import = 0Number of asset objects unloaded after import = 9

========================================================================
Received Import Request.
  Time since last request: 0.000041 seconds.
  path: Packages/com.meta.xr.sdk.interaction/Runtime/Sample/Objects/Props/ChessPiece/ChessPiece.prefab
  artifactKey: Guid(5b2febef9538fb34e972bb0070c107a5) Importer(815301076,1909f56bfc062723c751e8b465ee728b)
Start importing Packages/com.meta.xr.sdk.interaction/Runtime/Sample/Objects/Props/ChessPiece/ChessPiece.prefab using Guid(5b2febef9538fb34e972bb0070c107a5) Importer(815301076,1909f56bfc062723c751e8b465ee728b) (PreviewImporter) -> (artifact id: 'e82184d660ef0c6e8439e3b8b7151042') in 0.0486379 seconds
Number of updated asset objects reloaded before import = 0Number of asset objects unloaded after import = 55

========================================================================
Received Import Request.
  Time since last request: 0.000030 seconds.
  path: Packages/com.meta.xr.sdk.interaction/Runtime/Sample/Audio/Prefabs/ComplexGrabStoneResize.prefab
  artifactKey: Guid(1a09422e2d7b4fb48a5986c6eb57a629) Importer(815301076,1909f56bfc062723c751e8b465ee728b)
Start importing Packages/com.meta.xr.sdk.interaction/Runtime/Sample/Audio/Prefabs/ComplexGrabStoneResize.prefab using Guid(1a09422e2d7b4fb48a5986c6eb57a629) Importer(815301076,1909f56bfc062723c751e8b465ee728b) (PreviewImporter) -> (artifact id: 'fc7a52ecee7671fdaeb49b432440107d') in 0.025296 seconds
Number of updated asset objects reloaded before import = 0Number of asset objects unloaded after import = 14

========================================================================
Received Import Request.
  Time since last request: 0.000032 seconds.
  path: Packages/com.unity.render-pipelines.core/Runtime/Debugging/Prefabs/Widgets/DebugUIGroup.prefab
  artifactKey: Guid(38a07789c9e87004dad98c2909f58369) Importer(815301076,1909f56bfc062723c751e8b465ee728b)
Start importing Packages/com.unity.render-pipelines.core/Runtime/Debugging/Prefabs/Widgets/DebugUIGroup.prefab using Guid(38a07789c9e87004dad98c2909f58369) Importer(815301076,1909f56bfc062723c751e8b465ee728b) (PreviewImporter) -> (artifact id: '2428f3c028a73ab1291087c95d3b9e2a') in 0.0045539 seconds
Number of updated asset objects reloaded before import = 0Number of asset objects unloaded after import = 23

========================================================================
Received Import Request.
  Time since last request: 0.000047 seconds.
  path: Packages/com.meta.xr.sdk.interaction/Runtime/Sample/Objects/Environment/ComplexGrabInfoFrames.prefab
  artifactKey: Guid(b4f307b2f11c677479bd6a4c08149679) Importer(815301076,1909f56bfc062723c751e8b465ee728b)
Start importing Packages/com.meta.xr.sdk.interaction/Runtime/Sample/Objects/Environment/ComplexGrabInfoFrames.prefab using Guid(b4f307b2f11c677479bd6a4c08149679) Importer(815301076,1909f56bfc062723c751e8b465ee728b) (PreviewImporter) -> (artifact id: 'bb0f65462a069c8b57f79133a744602e') in 0.0349633 seconds
Number of updated asset objects reloaded before import = 0Number of asset objects unloaded after import = 222

========================================================================
Received Import Request.
  Time since last request: 0.000023 seconds.
  path: Packages/com.meta.xr.sdk.core/Editor/BuildingBlocks/BlockData/EyeGaze/Prefabs/bb_prefab_eyegaze.prefab
  artifactKey: Guid(cd20efabdb0a60745a5015c0d733df31) Importer(815301076,1909f56bfc062723c751e8b465ee728b)
Start importing Packages/com.meta.xr.sdk.core/Editor/BuildingBlocks/BlockData/EyeGaze/Prefabs/bb_prefab_eyegaze.prefab using Guid(cd20efabdb0a60745a5015c0d733df31) Importer(815301076,1909f56bfc062723c751e8b465ee728b) (PreviewImporter) -> (artifact id: '35627f5dec3cb8fd8c8aa0b7e9b1bbc0') in 0.0023205 seconds
Number of updated asset objects reloaded before import = 0Number of asset objects unloaded after import = 5

========================================================================
Received Import Request.
  Time since last request: 0.000022 seconds.
  path: Packages/com.meta.xr.sdk.interaction/Runtime/Prefabs/Ray/ControllerRayInteractor.prefab
  artifactKey: Guid(44cf50d1a2e68b64791a3e3143ccda19) Importer(815301076,1909f56bfc062723c751e8b465ee728b)
Start importing Packages/com.meta.xr.sdk.interaction/Runtime/Prefabs/Ray/ControllerRayInteractor.prefab using Guid(44cf50d1a2e68b64791a3e3143ccda19) Importer(815301076,1909f56bfc062723c751e8b465ee728b) (PreviewImporter) -> (artifact id: '72671239aeb7f12356c36c0bbf9fe589') in 0.0219957 seconds
Number of updated asset objects reloaded before import = 0Number of asset objects unloaded after import = 36

========================================================================
Received Import Request.
  Time since last request: 0.000024 seconds.
  path: Packages/com.meta.xr.sdk.core/Meshes/OculusTouchForQuestAndRiftS/OculusTouchForQuestAndRiftS_Right.fbx
  artifactKey: Guid(37ba10a26a648144fa2390c8adfb2c8a) Importer(815301076,1909f56bfc062723c751e8b465ee728b)
Start importing Packages/com.meta.xr.sdk.core/Meshes/OculusTouchForQuestAndRiftS/OculusTouchForQuestAndRiftS_Right.fbx using Guid(37ba10a26a648144fa2390c8adfb2c8a) Importer(815301076,1909f56bfc062723c751e8b465ee728b) (PreviewImporter) -> (artifact id: '3c4d979e43c1844246a27b444c5eb456') in 0.0791941 seconds
Number of updated asset objects reloaded before import = 0Number of asset objects unloaded after import = 51

========================================================================
Received Import Request.
  Time since last request: 0.000051 seconds.
  path: Packages/com.meta.xr.sdk.interaction/Runtime/Sample/Objects/Props/Key/Materials/keyMaterial.fbx
  artifactKey: Guid(d49d2495f35a4b448b56898e30cac155) Importer(815301076,1909f56bfc062723c751e8b465ee728b)
Start importing Packages/com.meta.xr.sdk.interaction/Runtime/Sample/Objects/Props/Key/Materials/keyMaterial.fbx using Guid(d49d2495f35a4b448b56898e30cac155) Importer(815301076,1909f56bfc062723c751e8b465ee728b) (PreviewImporter) -> (artifact id: '4b6800399ea90ce1e8eda232241b8dfb') in 0.0395836 seconds
Number of updated asset objects reloaded before import = 0Number of asset objects unloaded after import = 9

========================================================================
Received Import Request.
  Time since last request: 0.000059 seconds.
  path: Packages/com.meta.xr.sdk.core/Meshes/MetaQuestTouchPlus/Materials/MetaQuestTouchPlusLeft_Material.fbx
  artifactKey: Guid(2ea89d6e4d9c45940908e3f337989a9a) Importer(815301076,1909f56bfc062723c751e8b465ee728b)
Start importing Packages/com.meta.xr.sdk.core/Meshes/MetaQuestTouchPlus/Materials/MetaQuestTouchPlusLeft_Material.fbx using Guid(2ea89d6e4d9c45940908e3f337989a9a) Importer(815301076,1909f56bfc062723c751e8b465ee728b) (PreviewImporter) -> (artifact id: 'b65a3ff2da43aae26692db26edc09caf') in 2.205571 seconds
Number of updated asset objects reloaded before import = 0Number of asset objects unloaded after import = 10

========================================================================
Received Import Request.
  Time since last request: 0.000028 seconds.
  path: Packages/com.meta.xr.sdk.interaction/Runtime/Sample/Audio/Content/Interaction_PoseDetection_Paper_03.wav
  artifactKey: Guid(eec1a4e0cb9cf3d4a881837e7a165919) Importer(815301076,1909f56bfc062723c751e8b465ee728b)
Start importing Packages/com.meta.xr.sdk.interaction/Runtime/Sample/Audio/Content/Interaction_PoseDetection_Paper_03.wav using Guid(eec1a4e0cb9cf3d4a881837e7a165919) Importer(815301076,1909f56bfc062723c751e8b465ee728b) (PreviewImporter) -> (artifact id: '963e09e676d06e0fc3b32c56b301cf43') in 0.0325499 seconds
Number of updated asset objects reloaded before import = 0Number of asset objects unloaded after import = 2

========================================================================
Received Import Request.
  Time since last request: 0.000038 seconds.
  path: Packages/com.meta.xr.sdk.interaction/Runtime/Sample/Audio/Content/Interaction_Object_Impact_10.wav
  artifactKey: Guid(f454930b04fc250499041f61ada9e39f) Importer(815301076,1909f56bfc062723c751e8b465ee728b)
Start importing Packages/com.meta.xr.sdk.interaction/Runtime/Sample/Audio/Content/Interaction_Object_Impact_10.wav using Guid(f454930b04fc250499041f61ada9e39f) Importer(815301076,1909f56bfc062723c751e8b465ee728b) (PreviewImporter) -> (artifact id: '34bd8e97208279c0e1e8056857ce5967') in 0.0230124 seconds
Number of updated asset objects reloaded before import = 0Number of asset objects unloaded after import = 2

========================================================================
Received Import Request.
  Time since last request: 0.000021 seconds.
  path: Packages/com.meta.xr.sdk.interaction/Runtime/Sample/Audio/Content/Interaction_BasicGrab_Release_03.wav
  artifactKey: Guid(699db85e81c57234f80d2c1d665c0a96) Importer(815301076,1909f56bfc062723c751e8b465ee728b)
Start importing Packages/com.meta.xr.sdk.interaction/Runtime/Sample/Audio/Content/Interaction_BasicGrab_Release_03.wav using Guid(699db85e81c57234f80d2c1d665c0a96) Importer(815301076,1909f56bfc062723c751e8b465ee728b) (PreviewImporter) -> (artifact id: '2ed5489a1fcaed252a22dca57d7e13f9') in 0.0184312 seconds
Number of updated asset objects reloaded before import = 0Number of asset objects unloaded after import = 2

========================================================================
Received Import Request.
  Time since last request: 0.000022 seconds.
  path: Packages/com.meta.xr.sdk.interaction/Runtime/Sample/Audio/Content/Interaction_Object_Impact_05.wav
  artifactKey: Guid(07b5938cd1fd49c4999aa1b2b6b398eb) Importer(815301076,1909f56bfc062723c751e8b465ee728b)
Start importing Packages/com.meta.xr.sdk.interaction/Runtime/Sample/Audio/Content/Interaction_Object_Impact_05.wav using Guid(07b5938cd1fd49c4999aa1b2b6b398eb) Importer(815301076,1909f56bfc062723c751e8b465ee728b) (PreviewImporter) -> (artifact id: '2ce6ef06d07b118034c725771872ea87') in 0.018063 seconds
Number of updated asset objects reloaded before import = 0Number of asset objects unloaded after import = 2

========================================================================
Received Import Request.
  Time since last request: 0.000031 seconds.
  path: Packages/com.meta.xr.sdk.interaction/Runtime/Sample/Audio/Content/Interaction_BasicRay_Release.wav
  artifactKey: Guid(2786b7a027507264ebaad5d1bf1cd1dd) Importer(815301076,1909f56bfc062723c751e8b465ee728b)
Start importing Packages/com.meta.xr.sdk.interaction/Runtime/Sample/Audio/Content/Interaction_BasicRay_Release.wav using Guid(2786b7a027507264ebaad5d1bf1cd1dd) Importer(815301076,1909f56bfc062723c751e8b465ee728b) (PreviewImporter) -> (artifact id: 'de42f3e2176a92d831deba975b2ffe5d') in 0.0166469 seconds
Number of updated asset objects reloaded before import = 0Number of asset objects unloaded after import = 2

========================================================================
Received Import Request.
  Time since last request: 0.000034 seconds.
  path: Packages/com.meta.xr.sdk.interaction/Runtime/Sample/Objects/Props/SprayBottle/Sounds/Spray_Broad.wav
  artifactKey: Guid(5d537aa5c81ccb44ba40aa06a0327255) Importer(815301076,1909f56bfc062723c751e8b465ee728b)
Start importing Packages/com.meta.xr.sdk.interaction/Runtime/Sample/Objects/Props/SprayBottle/Sounds/Spray_Broad.wav using Guid(5d537aa5c81ccb44ba40aa06a0327255) Importer(815301076,1909f56bfc062723c751e8b465ee728b) (PreviewImporter) -> (artifact id: 'dbb8d3186ec1bd8fa144e90715227deb') in 0.0309876 seconds
Number of updated asset objects reloaded before import = 0Number of asset objects unloaded after import = 2

========================================================================
Received Import Request.
  Time since last request: 0.000020 seconds.
  path: Packages/com.meta.xr.sdk.interaction/Runtime/Sample/Audio/Content/Interaction_BasicPoke_Keypad_04.wav
  artifactKey: Guid(b8f580cf675c83e4086b7b858613cb22) Importer(815301076,1909f56bfc062723c751e8b465ee728b)
Start importing Packages/com.meta.xr.sdk.interaction/Runtime/Sample/Audio/Content/Interaction_BasicPoke_Keypad_04.wav using Guid(b8f580cf675c83e4086b7b858613cb22) Importer(815301076,1909f56bfc062723c751e8b465ee728b) (PreviewImporter) -> (artifact id: '4491019a5cf44c772e6fedab4fa9e767') in 0.0178786 seconds
Number of updated asset objects reloaded before import = 0Number of asset objects unloaded after import = 2

========================================================================
Received Import Request.
  Time since last request: 0.000020 seconds.
  path: Packages/com.meta.xr.sdk.interaction/Runtime/Sample/Audio/Content/Interaction_BasicGrab_Grab_03.wav
  artifactKey: Guid(5d75990ed604109429ae282bde2c21f0) Importer(815301076,1909f56bfc062723c751e8b465ee728b)
Start importing Packages/com.meta.xr.sdk.interaction/Runtime/Sample/Audio/Content/Interaction_BasicGrab_Grab_03.wav using Guid(5d75990ed604109429ae282bde2c21f0) Importer(815301076,1909f56bfc062723c751e8b465ee728b) (PreviewImporter) -> (artifact id: 'fcc0bc47c1f7c8181bd441c1f103e134') in 0.0156483 seconds
Number of updated asset objects reloaded before import = 0Number of asset objects unloaded after import = 2

Editor requested this worker to shutdown with reason: Scaling down because of idle timeout
AssetImportWorker is now disconnected from the server
Process exiting
Exiting without the bug reporter. Application will terminate with return code 0